<?xml version="1.0" encoding="UTF-8"?>
<!-- Generated by org.testng.reporters.JUnitReportReporter -->
<testsuite skipped="0" hostname="NWCFOOD-GP" name="com.prestashop.tests.PrestaShopTest" tests="4" failures="0" timestamp="13 Dec 2018 19:29:09 GMT" time="4.052" errors="0">
  <testcase name="invalidEmailTest" time="0.949" classname="com.prestashop.tests.PrestaShopTest"/>
  <testcase name="blankEmailTest" time="1.119" classname="com.prestashop.tests.PrestaShopTest"/>
  <testcase name="blankPasswordTest" time="0.935" classname="com.prestashop.tests.PrestaShopTest"/>
  <testcase name="wrongCredentials" time="1.049" classname="com.prestashop.tests.PrestaShopTest"/>
</testsuite> <!-- com.prestashop.tests.PrestaShopTest -->
