<?xml version="1.0" encoding="UTF-8"?>
<!-- Generated by org.testng.reporters.JUnitReportReporter -->
<testsuite skipped="0" hostname="NWCFOOD-GP" name="com.prestashop.tests.PrestaShopNegativeTest" tests="4" failures="0" timestamp="13 Dec 2018 21:26:35 GMT" time="4.455" errors="0">
  <testcase name="wrongCredentials" time="1.103" classname="com.prestashop.tests.PrestaShopNegativeTest"/>
  <testcase name="blankEmailTest" time="1.168" classname="com.prestashop.tests.PrestaShopNegativeTest"/>
  <testcase name="invalidEmailTest" time="1.029" classname="com.prestashop.tests.PrestaShopNegativeTest"/>
  <testcase name="blankPasswordTest" time="1.155" classname="com.prestashop.tests.PrestaShopNegativeTest"/>
</testsuite> <!-- com.prestashop.tests.PrestaShopNegativeTest -->
