<?xml version="1.0" encoding="UTF-8"?>
<!-- Generated by org.testng.reporters.JUnitReportReporter -->
<testsuite skipped="0" hostname="NWCFOOD-GP" name="com.prestashop.tests.PrestaShopPositiveTests" tests="1" failures="0" timestamp="13 Dec 2018 21:26:35 GMT" time="8.069" errors="0">
  <testcase name="wrongCredentials" time="8.069" classname="com.prestashop.tests.PrestaShopPositiveTests"/>
</testsuite> <!-- com.prestashop.tests.PrestaShopPositiveTests -->
